2020-05-29  Ligin Request :nagesh2020-05-29  List Users:Fri May 29 2020 08:24:57 GMT+0530 (India Standard Time)  List Users:
Fri May 29 2020 08:24:59 GMT+0530 (India Standard Time)  List Users:
2020-05-29 09:04:49  List Users:
2020-05-29 09:07:40  List Users:
2020-05-29 09:11:18  List Users:
2020-05-29 09:11:39  List Users:
2020-05-29 11:33:59  nagesh List Users:
2020-05-29 11:41:18  nagesh List Users:
2020-05-29 12:18:47  nagesh List Users:
2020-05-29 12:22:48  nagesh List Users:
2020-05-29 12:40:28  Guest undefined
2020-05-29 16:08:10  Guest undefined
2020-05-29 16:14:28  nagesh Token Request user :nagesh
2020-05-29 17:14:43  nagesh  Authenticated user: nagesh
2020-05-29 17:14:49  nagesh List Users:
2020-05-29 17:14:54  nagesh List Users:
2020-05-29 17:14:58  nagesh List Users:
2020-05-29 17:15:01  nagesh List Users:
2020-05-29 17:15:05  nagesh List Users:
2020-05-29 17:36:31  nagesh  Authenticated user: nagesh
2020-05-29 17:36:37  nagesh List Users:
2020-05-29 17:37:05  nagesh List Users:
2020-05-29 17:37:57  nagesh List Users:
2020-05-29 17:38:10  nagesh List Users:
2020-05-29 17:38:26  nagesh  Action Request [object Object]
2020-05-29 17:38:26  nagesh  Action completed [object Object] [object Object]
2020-05-29 17:38:26  nagesh  Action Request [object Object]
2020-05-29 17:38:27  nagesh  Action completed [object Object] [object Object]
2020-05-29 17:38:29  nagesh  Action Request [object Object]
2020-05-29 17:38:29  nagesh  Action completed [object Object] [object Object]
2020-05-29 17:38:37  nagesh  Action Request [object Object]
2020-05-29 17:38:37  nagesh  Action completed [object Object] [object Object]
2020-05-29 17:38:52  nagesh  Action Request [object Object]
2020-05-29 17:38:52  nagesh  Action completed [object Object] [object Object]
2020-05-29 17:50:23  nagesh  Action Request [object Object]
2020-05-29 17:50:23  nagesh  Action completed [object Object] [object Object]
2020-05-29 17:57:17  nagesh List Users:
2020-05-29 17:57:20  nagesh List Users:
2020-05-29 17:57:22  nagesh List Users:
2020-05-29 17:57:23  nagesh List Users:
2020-05-29 17:57:23  nagesh List Users:
2020-05-29 17:57:24  nagesh List Users:
2020-05-29 17:57:24  nagesh List Users:
2020-05-29 17:57:24  nagesh List Users:
2020-05-29 18:00:40  nagesh List Users:
2020-05-29 18:00:41  nagesh List Users:
2020-05-29 18:00:41  nagesh List Users:
2020-05-29 18:00:42  nagesh List Users:
2020-05-29 18:00:42  nagesh List Users:
2020-05-29 18:00:42  nagesh List Users:
2020-05-29 18:00:42  nagesh List Users:
2020-05-29 18:01:07  nagesh List Users:
2020-05-29 18:01:14  nagesh List Users:
2020-05-29 18:01:37  nagesh  Action Request [object Object]
2020-05-29 18:01:38  nagesh  Action completed [object Object] [object Object]
2020-05-29 18:01:40  nagesh  Action Request [object Object]
2020-05-29 18:01:40  nagesh  Action completed [object Object] [object Object]
2020-05-29 18:01:42  nagesh  Action Request [object Object]
2020-05-29 18:01:42  nagesh  Action completed [object Object] [object Object]
2020-05-29 18:05:25  nagesh  Action Request {"room":"LIVING","dev":"FAN"}
2020-05-29 18:05:25  nagesh  Action completed {"room":"LIVING","dev":"FAN"} {"status":{"status":"NOTOK","Mode":"WIFI","err":{"errno":"ECONNRESET","code":"ECONNRESET","syscall":"read"}}}
2020-05-29 18:07:57  nagesh  Action Request {"room":"LIVING","dev":"FAN"}
2020-05-29 18:07:57  nagesh  Action completed {"room":"LIVING","dev":"FAN"} {"status":{"status":"NOTOK","Mode":"WIFI","err":{"errno":"ECONNRESET","code":"ECONNRESET","syscall":"read"}}}
